<?xml version="1.0" encoding="UTF-8"?>
<testng-results skipped="0" failed="0" total="1" passed="1">
  <reporter-output>
  </reporter-output>
  <suite name="Default suite" duration-ms="9795" started-at="2022-09-17T18:21:48Z" finished-at="2022-09-17T18:21:57Z">
    <groups>
    </groups>
    <test name="Default test" duration-ms="9795" started-at="2022-09-17T18:21:48Z" finished-at="2022-09-17T18:21:57Z">
      <class name="test_scripts.Open_Browser">
        <test-method status="PASS" signature="open_browser()[pri:0, instance:test_scripts.Open_Browser@cc31a0ce]" name="open_browser" is-config="true" duration-ms="9747" started-at="2022-09-17T23:51:48Z" finished-at="2022-09-17T23:51:57Z">
          <reporter-output>
          </reporter-output>
        </test-method> <!-- open_browser -->
        <test-method status="PASS" signature="select()[pri:0, instance:test_scripts.Open_Browser@cc31a0ce]" name="select" duration-ms="16" started-at="2022-09-17T23:51:57Z" finished-at="2022-09-17T23:51:57Z">
          <reporter-output>
          </reporter-output>
        </test-method> <!-- select -->
      </class> <!-- test_scripts.Open_Browser -->
    </test> <!-- Default test -->
  </suite> <!-- Default suite -->
</testng-results>
